2024-04-20  21:03:46  f9207a0f0dfc051052eeb45f88b7e84e  jks
2024-04-20  21:09:13  3ffde89463f7577a89aa92ad18d581ec  jks
2024-04-20  21:38:43  fbb0dd95136db3db55abdbc46c9d0f45  jks
2024-04-20  22:19:57  49c1a3e27f8dd2ce6f1cf949b48084df  jks
2024-04-21  11:06:17  8f8c4c0504d09b1a880f1669579efed5  jks
2024-04-21  11:07:09  dc8cdf3333e3573cd5e651cf03e4a181  jks
2024-04-21  11:07:26  9c5b01830e84eac251d60ba7470c088c  jks
2024-04-21  11:23:11  52b55b5e2a099a977878ccfb095ed56c  jks
2024-04-21  12:50:41  aed902a6a7b24ed60c973f8a77555e7d  jks
2024-04-21  12:54:11  e0b457de659bbefca0595522dcde9711  jks
2024-04-21  12:55:01  bf86af06da02b85fc2c27afd1a34598c  jks
2024-04-21  12:56:42  60d15d3c44fd026632518066c2605caf  jks
2024-04-21  12:58:46  342356a0be30803f3deceeaf32f0621d  jks
2024-04-21  13:02:37  f5950a4237089ecdd6eaad2fa4036107  jks
2024-04-21  13:03:16  47206e1a23eb1d355068e5a42a0bc2ef  jks
2024-04-21  13:03:49  0ac944851f085004e050ed9b5c245611  jks
2024-04-21  13:05:22  e6d89a3a38df3c497d9aa638498c1394  jks
2024-04-21  13:07:22  a0d2a58f17bc2d3bc6ecb175883621cf  jks
2024-04-21  13:08:00  fecef354774dcb272920344204eb85f3  jks
2024-04-21  13:08:47  fcae25a2159a5c8f94ae3ff5de6338f3  jks
2024-04-21  13:10:22  8fd0a7facde52741a12b1bc6cbe90687  jks
2024-04-21  14:01:51  cd683df0e43b3b8feb2c220cfb7f7eb2  jks
2024-04-21  14:26:40  72a902bff9524f26c3da74c61d3c1f2e  jks
2024-04-21  14:30:31  08c6593b1cf29dc3ae187bc2c7563f14  jks
2024-04-21  14:34:07  fed750d907e9c220935eeb4cc96614d3  jks
2024-04-21  14:36:21  272b68b8f884b51a919146c4ce1a138c  jks
2024-04-21  14:39:28  b793449c7ad01286f8b0d36b0cb7a4e9  jks
2024-04-21  14:42:28  a7f915d306c3f70bfb25ea03d1617813  jks
2024-04-21  14:43:04  f1ac5bc14adbdd6b1c473ffcd097a2b7  jks
2024-04-21  14:44:01  b2eac1064d6af7409bf29222e34d0f96  jks
2024-04-21  14:44:24  5ea1dbfe3bcc57981cc0f540f50e9f90  jks
2024-04-21  14:44:36  21a9fff817e803a234ffd75544e27f4e  jks
2024-04-21  16:03:34  3e868e22d0834fa9ca22d79d26f1e41f  jks
2024-04-21  16:09:07  95f7d96bcf4994ae381afd9bc447989e  jks
2024-04-21  16:13:52  9ce54b67860bd0d5dd1da1bb7265b331  jks
2024-04-21  16:14:44  4ee6316128c45f03d09e859268540ad0  jks
2024-04-21  16:15:00  fa580c0c69dca35a1f8af430b0883d8f  jks
2024-04-21  16:15:11  081a26f0727d33dcab8041ef53cdcf98  jks
2024-04-21  19:09:49  e498c2257151d18ef38d9ec5a7ca894e  niko
2024-04-21  19:52:04  bb80eca46e669971a1c92bb0f7abfbe0  monesy
2024-04-21  20:55:13  9614ff923eab8a6cb58f2c729a4c9496  donk
2024-04-21  21:12:52  5acb05aa296d3f18778d3c96b3fd4158  jks
2024-04-21  21:13:03  4e564b0815ed5d57d5db81c55bdee8cf  niko
2024-04-21  21:14:58  2b5654b0a9717e1a0f1bd6d1d92f7cf5  donk
2024-04-21  21:15:13  ca1ccce7deba12a5404651fbb04bca51  jks
2024-04-21  21:17:22  eda94ca47e60afc9919a82c8cf8991a1  hunter
2024-04-21  21:17:45  ed078a31ecf62afb9e4a5e723d9abb83  niko
2024-04-21  21:17:58  84410dece6ca2540b2efbf3f317354c0  niko
2024-04-21  21:27:35  ccd025a9e582a37d4d7c32d3427cdf19  jks
2024-04-21  21:29:33  2adf321376af32539becf5fc2f305181  lyp
2024-04-23  14:26:24  cf7ab6a41b393503d717b8437c0c503c  jks
2024-04-25  14:20:34  08161729187da1bd9f28b1dcc31a41d1  jks
2024-04-25  14:20:53  568f05e0b00c5c17f5e4704a1d949ca4  cadian
2024-04-25  14:33:26  abe68c2a3cc109748fd221f704ebcd8f  cadian
2024-04-25  14:34:18  4bf42cfea38514855ac1858708f8e183  jks
2024-04-25  14:35:13  c9702a86ab7e11b5f71cacf3605bdfb6  jks
2024-04-25  14:35:37  01c4b6d1d8087fc681750c96d9119c15  cadian
2024-04-25  14:40:22  94022d25a1955a0ecfa41abac08bf923  cadian
2024-04-25  14:47:39  1d36be9a3eee829137b19892a6c6a67a  cadian
2024-04-25  14:48:21  8797848ca63d25bba44a84e0ed2b09b1  cadian
2024-04-25  14:51:20  771f048c83a2f85b6432c80bcd77cd60  rain
2024-04-25  15:36:28  7ced2434fdba6287e64f033d95421309  jks
2024-04-25  18:30:40  8cfadce2ba8570d4f42fa939e835e3ab  jks
2024-04-25  18:31:57  7c055bebe6dadb37bac6f27a38d9e0b8  rop
